
SQL*Loader: Release 11.2.0.2.0 - Production on Pn Maj 13 22:27:59 2019

Copyright (c) 1982, 2009, Oracle and/or its affiliates.  All rights reserved.

Control File:   control.ctl
Data File:      Sprzeda¿e.csv
  Bad File:     Sprzeda¿e.bad
  Discard File:  none specified
 
 (Allow all discards)

Number to load: ALL
Number to skip: 0
Errors allowed: 50
Bind array:     64 rows, maximum of 256000 bytes
Continuation:    none specified
Path used:      Conventional

Table SPRZEDA¯BILETÓW, loaded from every logical record.
Insert option in effect for this table: INSERT

   Column Name                  Position   Len  Term Encl Datatype
------------------------------ ---------- ----- ---- ---- ---------------------
KLIENT_ID_KLIENTA                   FIRST     *   ,       CHARACTER            
OBSZAR_ID_OBSZARU                    NEXT     *   ,       CHARACTER            
CZAS_ID_CZASU                        NEXT     *   ,       CHARACTER            
ATRAKCJA_ID_ATRAKCJI                 NEXT     *   ,       CHARACTER            
ILOSC                                NEXT     *   ,       CHARACTER            
CENA                                 NEXT     *   ,       CHARACTER            
PLATNOSC_ID_PLATNOSC                 NEXT     *   ,       CHARACTER            

Record 1: Rejected - Error on table SPRZEDA¯BILETÓW, column KLIENT_ID_KLIENTA.
ORA-01722: invalid number

Record 2329: Rejected - Error on table SPRZEDA¯BILETÓW.
ORA-00001: unique constraint (SYSTEM.SPRZEDA¯BILETÓW_PK) violated

Record 3926: Rejected - Error on table SPRZEDA¯BILETÓW.
ORA-00001: unique constraint (SYSTEM.SPRZEDA¯BILETÓW_PK) violated

Record 3932: Rejected - Error on table SPRZEDA¯BILETÓW.
ORA-00001: unique constraint (SYSTEM.SPRZEDA¯BILETÓW_PK) violated

Record 5021: Rejected - Error on table SPRZEDA¯BILETÓW.
ORA-00001: unique constraint (SYSTEM.SPRZEDA¯BILETÓW_PK) violated

Record 8978: Rejected - Error on table SPRZEDA¯BILETÓW.
ORA-00001: unique constraint (SYSTEM.SPRZEDA¯BILETÓW_PK) violated

Record 9961: Rejected - Error on table SPRZEDA¯BILETÓW.
ORA-00001: unique constraint (SYSTEM.SPRZEDA¯BILETÓW_PK) violated

Record 10002: Rejected - Error on table SPRZEDA¯BILETÓW, column KLIENT_ID_KLIENTA.
Column not found before end of logical record (use TRAILING NULLCOLS)

Table SPRZEDA¯BILETÓW:
  9994 Rows successfully loaded.
  8 Rows not loaded due to data errors.
  0 Rows not loaded because all WHEN clauses were failed.
  0 Rows not loaded because all fields were null.


Space allocated for bind array:                 115584 bytes(64 rows)
Read   buffer bytes: 1048576

Total logical records skipped:          0
Total logical records read:         10002
Total logical records rejected:         8
Total logical records discarded:        0

Run began on Pn Maj 13 22:27:59 2019
Run ended on Pn Maj 13 22:28:00 2019

Elapsed time was:     00:00:01.61
CPU time was:         00:00:00.10
