::1 - - [10/Jun/2019:11:06:38 +0200] "GET / HTTP/1.1" 200 46
::1 - - [10/Jun/2019:11:06:42 +0200] "GET / HTTP/1.1" 304 -
::1 - - [10/Jun/2019:11:06:52 +0200] "GET /phpinfo HTTP/1.1" 404 205
::1 - - [10/Jun/2019:11:06:58 +0200] "GET /phpinfo.php HTTP/1.1" 200 75908
::1 - - [10/Jun/2019:11:07:58 +0200] "-" 408 -
::1 - - [10/Jun/2019:11:15:27 +0200] "GET /phpinfo.php HTTP/1.1" 200 952
::1 - - [10/Jun/2019:11:16:27 +0200] "-" 408 -
::1 - - [10/Jun/2019:11:21:55 +0200] "GET /phpinfo.php HTTP/1.1" 200 330
::1 - - [10/Jun/2019:11:22:55 +0200] "-" 408 -
::1 - - [10/Jun/2019:11:24:20 +0200] "GET /phpinfo.php HTTP/1.1" 200 261
::1 - - [10/Jun/2019:11:24:21 +0200] "GET /phpinfo.php HTTP/1.1" 200 261
::1 - - [10/Jun/2019:11:24:39 +0200] "GET /phpinfo.php HTTP/1.1" 200 341
::1 - - [10/Jun/2019:11:25:08 +0200] "GET /phpinfo.php HTTP/1.1" 200 341
::1 - - [10/Jun/2019:11:25:14 +0200] "GET /phpinfo.php HTTP/1.1" 200 341
::1 - - [10/Jun/2019:11:25:15 +0200] "GET /phpinfo.php HTTP/1.1" 200 341
::1 - - [10/Jun/2019:11:26:51 +0200] "GET /phpinfo.php HTTP/1.1" 200 341
::1 - - [10/Jun/2019:11:26:52 +0200] "GET /phpinfo.php HTTP/1.1" 200 341
::1 - - [10/Jun/2019:11:26:52 +0200] "GET /phpinfo.php HTTP/1.1" 200 341
::1 - - [10/Jun/2019:11:26:53 +0200] "GET /phpinfo.php HTTP/1.1" 200 341
::1 - - [10/Jun/2019:11:26:53 +0200] "GET /phpinfo.php HTTP/1.1" 200 341
::1 - - [10/Jun/2019:11:26:59 +0200] "GET /phpinfo.php HTTP/1.1" 200 120
::1 - - [10/Jun/2019:11:27:08 +0200] "GET /phpinfo.php HTTP/1.1" 200 1059
::1 - - [10/Jun/2019:11:28:08 +0200] "-" 408 -
::1 - - [10/Jun/2019:11:28:09 +0200] "GET /phpinfo.php HTTP/1.1" 200 341
::1 - - [10/Jun/2019:11:31:53 +0200] "GET /phpinfo.php HTTP/1.1" 200 1214474
::1 - - [10/Jun/2019:11:32:31 +0200] "GET /phpinfo.php HTTP/1.1" 200 341
::1 - - [10/Jun/2019:11:32:37 +0200] "GET /phpinfo.php HTTP/1.1" 200 1214474
::1 - - [10/Jun/2019:11:32:41 +0200] "GET /favicon.ico HTTP/1.1" 404 209
::1 - - [10/Jun/2019:11:32:58 +0200] "GET /phpinfo.php HTTP/1.1" 200 341
::1 - - [10/Jun/2019:11:33:58 +0200] "-" 408 -
::1 - - [10/Jun/2019:11:40:15 +0200] "GET /phpinfo.php HTTP/1.1" 200 140886
::1 - - [10/Jun/2019:11:41:15 +0200] "-" 408 -
::1 - - [10/Jun/2019:11:46:22 +0200] "GET /phpinfo.php HTTP/1.1" 200 140886
::1 - - [10/Jun/2019:11:47:22 +0200] "-" 408 -
::1 - - [10/Jun/2019:11:49:19 +0200] "GET /phpinfo.php HTTP/1.1" 200 8912
::1 - - [10/Jun/2019:12:06:32 +0200] "GET /index.html HTTP/1.1" 200 260
::1 - - [10/Jun/2019:12:06:58 +0200] "GET /index.html HTTP/1.1" 304 -
::1 - - [10/Jun/2019:12:07:58 +0200] "-" 408 -
::1 - - [10/Jun/2019:12:08:10 +0200] "GET /index.html HTTP/1.1" 304 -
::1 - - [10/Jun/2019:12:08:11 +0200] "GET /index.html HTTP/1.1" 304 -
::1 - - [10/Jun/2019:12:08:20 +0200] "GET /index.html HTTP/1.1" 304 -
::1 - - [10/Jun/2019:12:08:25 +0200] "GET /syle.css HTTP/1.1" 404 206
::1 - - [10/Jun/2019:12:08:27 +0200] "GET /syle.css HTTP/1.1" 404 206
::1 - - [10/Jun/2019:12:11:11 +0200] "GET /index.html HTTP/1.1" 200 1954
::1 - - [10/Jun/2019:12:17:57 +0200] "GET /index.html HTTP/1.1" 200 1970
::1 - - [10/Jun/2019:12:18:35 +0200] "GET /index.html HTTP/1.1" 200 1986
::1 - - [10/Jun/2019:12:30:40 +0200] "GET /index.html HTTP/1.1" 200 1997
::1 - - [10/Jun/2019:12:30:42 +0200] "GET /phpinfo.php HTTP/1.1" 200 140886
::1 - - [10/Jun/2019:12:31:40 +0200] "-" 408 -
::1 - - [10/Jun/2019:12:39:57 +0200] "GET /index.html HTTP/1.1" 200 2023
::1 - - [10/Jun/2019:12:40:12 +0200] "GET /index.html HTTP/1.1" 200 2024
::1 - - [10/Jun/2019:12:40:20 +0200] "GET /index.html HTTP/1.1" 200 2024
::1 - - [10/Jun/2019:12:40:31 +0200] "GET /phpinfo.php HTTP/1.1" 200 140886
::1 - - [10/Jun/2019:12:41:31 +0200] "-" 408 -
::1 - - [10/Jun/2019:12:43:28 +0200] "GET /phpinfo.php HTTP/1.1" 404 209
::1 - - [10/Jun/2019:12:43:30 +0200] "GET /index.html HTTP/1.1" 200 2025
::1 - - [10/Jun/2019:12:43:30 +0200] "GET /rollup_1.php HTTP/1.1" 200 140886
::1 - - [10/Jun/2019:12:47:21 +0200] "GET /index.html HTTP/1.1" 200 2081
::1 - - [10/Jun/2019:12:47:22 +0200] "GET /cube_1.php HTTP/1.1" 200 4867
::1 - - [10/Jun/2019:12:47:25 +0200] "GET /grouping_sets_1.php HTTP/1.1" 200 8912
::1 - - [10/Jun/2019:12:48:18 +0200] "GET /index.html HTTP/1.1" 200 2081
::1 - - [10/Jun/2019:12:48:28 +0200] "GET /index.html HTTP/1.1" 200 2081
::1 - - [10/Jun/2019:12:48:33 +0200] "GET /index.html HTTP/1.1" 200 2081
::1 - - [10/Jun/2019:12:48:41 +0200] "GET /index.html HTTP/1.1" 200 2081
::1 - - [10/Jun/2019:12:48:45 +0200] "GET /index.html HTTP/1.1" 200 2081
::1 - - [10/Jun/2019:12:49:00 +0200] "GET /index.html HTTP/1.1" 200 2081
::1 - - [10/Jun/2019:12:49:24 +0200] "GET /index.html HTTP/1.1" 200 2081
::1 - - [10/Jun/2019:12:49:32 +0200] "GET /partition_1.php HTTP/1.1" 404 213
::1 - - [10/Jun/2019:15:02:56 +0200] "GET /rollup_1.php HTTP/1.1" 200 140886
::1 - - [10/Jun/2019:15:02:59 +0200] "GET /cube_1.php HTTP/1.1" 200 4867
::1 - - [10/Jun/2019:15:03:56 +0200] "-" 408 -
::1 - - [10/Jun/2019:15:04:24 +0200] "GET /partition_1.php HTTP/1.1" 404 213
::1 - - [10/Jun/2019:15:05:24 +0200] "-" 408 -
::1 - - [10/Jun/2019:15:06:08 +0200] "GET /rollup_1.php HTTP/1.1" 200 140886
::1 - - [10/Jun/2019:15:06:10 +0200] "GET /cube_1.php HTTP/1.1" 200 4867
::1 - - [10/Jun/2019:15:06:12 +0200] "GET /grouping_sets_1.php HTTP/1.1" 200 8912
::1 - - [10/Jun/2019:15:06:13 +0200] "GET /partition_1.php HTTP/1.1" 200 1308886
::1 - - [10/Jun/2019:15:06:19 +0200] "GET /window_1.php HTTP/1.1" 404 210
::1 - - [10/Jun/2019:15:06:45 +0200] "GET /window_1.php HTTP/1.1" 200 934103
::1 - - [10/Jun/2019:15:06:49 +0200] "GET /partition_1.php HTTP/1.1" 200 1308886
::1 - - [10/Jun/2019:15:07:45 +0200] "-" 408 -
::1 - - [10/Jun/2019:15:26:25 +0200] "GET /partition_1.php HTTP/1.1" 200 1308886
::1 - - [10/Jun/2019:15:26:33 +0200] "GET /window_1.php HTTP/1.1" 200 934103
::1 - - [10/Jun/2019:15:26:44 +0200] "GET /partition_1.php HTTP/1.1" 200 1308886
::1 - - [10/Jun/2019:15:28:46 +0200] "GET /partition_1.php HTTP/1.1" 200 2228334
::1 - - [10/Jun/2019:15:29:08 +0200] "GET /partition_1.php HTTP/1.1" 200 1308978
::1 - - [10/Jun/2019:15:30:08 +0200] "-" 408 -
::1 - - [10/Jun/2019:15:30:55 +0200] "GET /partition_1.php HTTP/1.1" 200 1308977
::1 - - [10/Jun/2019:15:31:55 +0200] "-" 408 -
::1 - - [10/Jun/2019:15:32:32 +0200] "GET /rollup_1.php HTTP/1.1" 200 140977
::1 - - [10/Jun/2019:15:33:05 +0200] "GET /rollup_1.php HTTP/1.1" 200 140947
::1 - - [10/Jun/2019:15:33:56 +0200] "GET /cube_1.php HTTP/1.1" 200 4867
::1 - - [10/Jun/2019:15:34:24 +0200] "GET /cube_1.php HTTP/1.1" 200 4915
::1 - - [10/Jun/2019:15:34:36 +0200] "GET /grouping_sets_1.php HTTP/1.1" 200 8912
::1 - - [10/Jun/2019:15:35:00 +0200] "GET /grouping_sets_1.php HTTP/1.1" 200 8985
::1 - - [10/Jun/2019:15:35:13 +0200] "GET /grouping_sets_1.php HTTP/1.1" 200 8992
::1 - - [10/Jun/2019:15:36:07 +0200] "GET /partition_1.php HTTP/1.1" 200 1308977
::1 - - [10/Jun/2019:15:36:09 +0200] "GET /window_1.php HTTP/1.1" 200 934171
::1 - - [10/Jun/2019:15:37:26 +0200] "GET /rollup_1.php HTTP/1.1" 200 143028
::1 - - [10/Jun/2019:15:38:05 +0200] "GET /rollup_1.php HTTP/1.1" 200 143055
::1 - - [10/Jun/2019:15:38:26 +0200] "GET /rollup_1.php HTTP/1.1" 200 143056
::1 - - [10/Jun/2019:15:39:31 +0200] "GET /rollup_1.php HTTP/1.1" 200 161
::1 - - [10/Jun/2019:15:39:41 +0200] "GET /rollup_1.php HTTP/1.1" 200 161
::1 - - [10/Jun/2019:15:40:20 +0200] "GET /rollup_1.php HTTP/1.1" 200 143044
::1 - - [10/Jun/2019:15:41:20 +0200] "-" 408 -
::1 - - [10/Jun/2019:15:41:36 +0200] "GET /rollup_1.php HTTP/1.1" 200 143053
::1 - - [10/Jun/2019:15:42:01 +0200] "GET /rollup_1.php HTTP/1.1" 200 143053
::1 - - [10/Jun/2019:15:42:13 +0200] "GET /index.html HTTP/1.1" 200 2090
::1 - - [10/Jun/2019:15:42:15 +0200] "GET /rollup_1.php HTTP/1.1" 200 143053
::1 - - [10/Jun/2019:15:42:16 +0200] "GET /cube_1.php HTTP/1.1" 200 4931
::1 - - [10/Jun/2019:15:42:19 +0200] "GET /grouping_sets_1.php HTTP/1.1" 200 9008
::1 - - [10/Jun/2019:15:42:57 +0200] "GET /rollup_1.php HTTP/1.1" 200 143053
::1 - - [10/Jun/2019:15:43:04 +0200] "GET /index.html HTTP/1.1" 304 -
::1 - - [10/Jun/2019:15:43:06 +0200] "GET /rollup_1.php HTTP/1.1" 200 143053
::1 - - [10/Jun/2019:15:43:07 +0200] "GET /cube_1.php HTTP/1.1" 200 7021
::1 - - [10/Jun/2019:15:43:08 +0200] "GET /grouping_sets_1.php HTTP/1.1" 200 11098
::1 - - [10/Jun/2019:15:43:10 +0200] "GET /partition_1.php HTTP/1.1" 200 1311092
::1 - - [10/Jun/2019:15:43:10 +0200] "GET /window_1.php HTTP/1.1" 200 936277
::1 - - [10/Jun/2019:15:43:14 +0200] "GET /cube_1.php HTTP/1.1" 200 7021
::1 - - [10/Jun/2019:15:43:31 +0200] "GET /cube_1.php HTTP/1.1" 200 7020
::1 - - [10/Jun/2019:15:43:32 +0200] "GET /rollup_1.php HTTP/1.1" 200 143053
::1 - - [10/Jun/2019:15:43:33 +0200] "GET /cube_1.php HTTP/1.1" 200 7020
::1 - - [10/Jun/2019:15:43:51 +0200] "GET /cube_1.php HTTP/1.1" 200 7020
::1 - - [10/Jun/2019:15:43:52 +0200] "GET /cube_1.php HTTP/1.1" 200 7020
::1 - - [10/Jun/2019:15:43:52 +0200] "GET /rollup_1.php HTTP/1.1" 200 143053
::1 - - [10/Jun/2019:15:44:03 +0200] "GET /rollup_1.php HTTP/1.1" 200 143053
::1 - - [10/Jun/2019:15:44:04 +0200] "GET /cube_1.php HTTP/1.1" 200 7021
::1 - - [10/Jun/2019:15:44:06 +0200] "GET /grouping_sets_1.php HTTP/1.1" 200 11098
::1 - - [10/Jun/2019:15:44:06 +0200] "GET /partition_1.php HTTP/1.1" 200 1311092
::1 - - [10/Jun/2019:15:44:07 +0200] "GET /window_1.php HTTP/1.1" 200 936277
::1 - - [10/Jun/2019:15:44:08 +0200] "GET /rollup_1.php HTTP/1.1" 200 143053
::1 - - [10/Jun/2019:15:44:40 +0200] "GET /rollup_1.php HTTP/1.1" 200 143053
::1 - - [10/Jun/2019:15:44:41 +0200] "GET /cube_1.php HTTP/1.1" 200 7021
::1 - - [10/Jun/2019:15:45:06 +0200] "GET /cube_1.php HTTP/1.1" 200 7057
::1 - - [10/Jun/2019:15:45:13 +0200] "GET /rollup_1.php HTTP/1.1" 200 143089
::1 - - [10/Jun/2019:15:45:13 +0200] "GET /cube_1.php HTTP/1.1" 200 7057
::1 - - [10/Jun/2019:15:45:14 +0200] "GET /grouping_sets_1.php HTTP/1.1" 200 11134
::1 - - [10/Jun/2019:15:45:15 +0200] "GET /partition_1.php HTTP/1.1" 200 1311128
::1 - - [10/Jun/2019:15:45:16 +0200] "GET /window_1.php HTTP/1.1" 200 936313
::1 - - [10/Jun/2019:15:45:27 +0200] "GET /window_1.php HTTP/1.1" 200 936313
::1 - - [10/Jun/2019:15:45:30 +0200] "GET /rollup_1.php HTTP/1.1" 200 143089
::1 - - [10/Jun/2019:15:45:31 +0200] "GET /cube_1.php HTTP/1.1" 200 7057
::1 - - [10/Jun/2019:15:45:33 +0200] "GET /grouping_sets_1.php HTTP/1.1" 200 11134
::1 - - [10/Jun/2019:15:45:33 +0200] "GET /partition_1.php HTTP/1.1" 200 1311128
::1 - - [10/Jun/2019:15:45:36 +0200] "GET /window_1.php HTTP/1.1" 200 936313
::1 - - [10/Jun/2019:15:45:48 +0200] "GET /window_1.php HTTP/1.1" 200 936277
::1 - - [10/Jun/2019:16:44:56 +0200] "GET /index.html HTTP/1.1" 200 2090
::1 - - [10/Jun/2019:17:19:39 +0200] "GET /rollup_1.php HTTP/1.1" 200 143053
::1 - - [10/Jun/2019:17:19:41 +0200] "GET /cube_1.php HTTP/1.1" 200 7021
::1 - - [10/Jun/2019:17:19:42 +0200] "GET /grouping_sets_1.php HTTP/1.1" 200 11098
::1 - - [10/Jun/2019:17:19:42 +0200] "GET /partition_1.php HTTP/1.1" 200 1311092
::1 - - [10/Jun/2019:17:19:43 +0200] "GET /window_1.php HTTP/1.1" 200 936277
::1 - - [10/Jun/2019:17:19:43 +0200] "GET /rollup_1.php HTTP/1.1" 200 143053
::1 - - [10/Jun/2019:17:19:46 +0200] "GET /index.html HTTP/1.1" 304 -
::1 - - [10/Jun/2019:18:10:07 +0200] "GET /rollup_1.php HTTP/1.1" 200 143053
::1 - - [10/Jun/2019:18:10:50 +0200] "GET /cube_1.php HTTP/1.1" 200 7021
::1 - - [10/Jun/2019:18:11:27 +0200] "GET /grouping_sets_1.php HTTP/1.1" 200 11098
::1 - - [10/Jun/2019:18:11:57 +0200] "GET /partition_1.php HTTP/1.1" 200 1311092
::1 - - [10/Jun/2019:18:12:28 +0200] "GET /window_1.php HTTP/1.1" 200 936277
::1 - - [10/Jun/2019:18:13:28 +0200] "-" 408 -
