
SQL*Loader: Release 11.2.0.2.0 - Production on Pn Maj 13 20:52:30 2019

Copyright (c) 1982, 2009, Oracle and/or its affiliates.  All rights reserved.

Control File:   control.ctl
Data File:      Atrakcje.csv
  Bad File:     Atrakcje.bad
  Discard File:  none specified
 
 (Allow all discards)

Number to load: ALL
Number to skip: 0
Errors allowed: 50
Bind array:     64 rows, maximum of 256000 bytes
Continuation:    none specified
Path used:      Conventional

Table ATRAKCJA, loaded from every logical record.
Insert option in effect for this table: INSERT

   Column Name                  Position   Len  Term Encl Datatype
------------------------------ ---------- ----- ---- ---- ---------------------
ID_ATRAKCJI                         FIRST     *   ,       CHARACTER            
NAZWA                                NEXT     *   ,       CHARACTER            
KATEGORIA_ID_KATEGORII               NEXT     *   ,       CHARACTER            

Record 1: Rejected - Error on table ATRAKCJA, column ID_ATRAKCJI.
ORA-01722: invalid number


Table ATRAKCJA:
  16 Rows successfully loaded.
  1 Row not loaded due to data errors.
  0 Rows not loaded because all WHEN clauses were failed.
  0 Rows not loaded because all fields were null.


Space allocated for bind array:                  49536 bytes(64 rows)
Read   buffer bytes: 1048576

Total logical records skipped:          0
Total logical records read:            17
Total logical records rejected:         1
Total logical records discarded:        0

Run began on Pn Maj 13 20:52:30 2019
Run ended on Pn Maj 13 20:52:30 2019

Elapsed time was:     00:00:00.14
CPU time was:         00:00:00.05
